<?xml version="1.0" encoding="UTF-8"?>
<!-- Generated by org.testng.reporters.JUnitReportReporter -->
<testsuite hostname="Q45282821" name="com.stock.master.exampletng" tests="2" failures="0" timestamp="19 Aug 2016 06:37:08 GMT" time="0.109" errors="0">
  <testcase name="xyz" time="0.093" classname="com.stock.master.exampletng"/>
  <testcase name="pqr" time="0.016" classname="com.stock.master.exampletng"/>
</testsuite> <!-- com.stock.master.exampletng -->
