<?xml version="1.0" encoding="UTF-8"?>
<!-- Generated by org.testng.reporters.JUnitReportReporter -->
<testsuite hostname="Q10087" name="com.stock.master.scatng" tests="1" failures="0" timestamp="23 Aug 2016 07:33:45 GMT" time="19.823" errors="0">
  <testcase name="scat" time="19.823" classname="com.stock.master.scatng"/>
</testsuite> <!-- com.stock.master.scatng -->
