<?xml version="1.0" encoding="UTF-8"?>
<!-- Generated by org.testng.reporters.JUnitReportReporter -->
<testsuite hostname="Q10087" name="com.stock.master.uomc" tests="3" failures="0" timestamp="23 Aug 2016 07:33:45 GMT" time="37.022" errors="0">
  <testcase name="uom" time="12.760" classname="com.stock.master.uomc"/>
  <testcase name="uom" time="11.640" classname="com.stock.master.uomc"/>
  <testcase name="uom" time="12.622" classname="com.stock.master.uomc"/>
</testsuite> <!-- com.stock.master.uomc -->
